"../../../Engine/Content/Functions/Engine_MaterialFunctions01/Shading/PowerToRoughness.uasset" 0
"../../../Engine/Content/Functions/Engine_MaterialFunctions01/Shading/ConvertFromDiffSpec.uasset" 1
"../../../Engine/Content/EngineMaterials/DefaultDiffuse.uasset" 2
"../../../Engine/Content/EngineMaterials/DefaultDeferredDecalMaterial.uasset" 3
"../../../Engine/Content/EngineMaterials/DefaultLightFunctionMaterial.uasset" 4
"../../../Engine/Content/Functions/Engine_MaterialFunctions02/Utility/BreakOutFloat2Components.uasset" 5
"../../../Engine/Content/EngineMaterials/DefaultPostProcessMaterial.uasset" 6
"../../../Engine/Content/EditorMaterials/Camera/CineMat.uasset" 7
"../../../Engine/Content/EditorMaterials/Camera/MI_CineMat_Rig.uasset" 8
"../../../Engine/Content/EditorMeshes/Camera/SM_CraneRig_Base.uasset" 9
"../../../Engine/Content/EditorMeshes/Camera/SM_CraneRig_Arm.uasset" 10
"../../../Engine/Content/EditorMeshes/Camera/SM_CraneRig_Mount.uasset" 11
"../../../Engine/Content/EditorMeshes/Camera/SM_CraneRig_Body.uasset" 12
"../../../Engine/Content/EditorMeshes/Camera/SM_RailRig_Track.uasset" 13
"../../../Engine/Content/EditorMeshes/Camera/SM_RailRig_Mount.uasset" 14
"../../../Engine/Content/EngineResources/AICON-Red.uasset" 15
"../../../Engine/Content/EngineResources/AICON-Green.uasset" 16
"../../../Engine/Content/EngineFonts/Roboto.uasset" 17
"../../../Engine/Content/EngineResources/DefaultTexture.uasset" 18
"../../../Engine/Content/Functions/Engine_MaterialFunctions01/Texturing/ScaleUVsByCenter.uasset" 19
"../../../Engine/Content/Functions/Engine_MaterialFunctions02/ScreenResolution.uasset" 20
"../../../Engine/Content/Functions/Engine_MaterialFunctions02/Texturing/ScreenAlignedUVs.uasset" 21
"../../../Engine/Content/EngineResources/WhiteSquareTexture.uasset" 22
"../../../Engine/Content/EngineMaterials/Widget3DPassThrough.uasset" 23
"../../../Engine/Content/EngineMaterials/Widget3DPassThrough_Translucent.uasset" 24
"../../../Engine/Content/EngineMaterials/Widget3DPassThrough_Translucent_OneSided.uasset" 25
"../../../Engine/Content/EngineMaterials/Widget3DPassThrough_Opaque.uasset" 26
"../../../Engine/Content/EngineMaterials/Widget3DPassThrough_Opaque_OneSided.uasset" 27
"../../../Engine/Content/EngineMaterials/Widget3DPassThrough_Masked.uasset" 28
"../../../Engine/Content/EngineMaterials/Widget3DPassThrough_Masked_OneSided.uasset" 29
"../../../Engine/Content/EditorResources/S_Actor.uasset" 30
"../../../Engine/Content/EditorMaterials/AssetViewer/EpicQuadPanorama_CC+EV1.uasset" 31
"../../../Engine/Content/EditorResources/RGBTable16x1_AssetViewer.uasset" 32
"../../../Engine/Content/Maps/Templates/Thumbnails/Default.uasset" 33
"../../../Engine/Content/Maps/Templates/Thumbnails/VR-Basic.uasset" 34
"../../../Engine/Content/EditorMaterials/ParticleSystems/PSysThumbnail_NoImage.uasset" 35
"../../../Engine/Content/EditorMaterials/ParticleSystems/PSysThumbnail_OOD.uasset" 36
"../../../Engine/Content/EditorLandscapeResources/DataLayer.uasset" 37
"../../../Engine/Content/EngineDamageTypes/DmgTypeBP_Environmental.uasset" 38
"../../../Engine/Content/EngineMeshes/Sphere.uasset" 39
"../../../Engine/Content/EngineFonts/RobotoDistanceField.uasset" 40
"../../../Engine/Content/EngineMaterials/DefaultTextMaterialOpaque.uasset" 41
"../../../Engine/Content/EditorResources/S_Trigger.uasset" 42
"../../../Engine/Content/EngineResources/GradientTexture0.uasset" 43
"../../../Engine/Content/EngineResources/Black.uasset" 44
"../../../Engine/Content/EditorMaterials/MatineeGroups/MAT_Groups_Float.uasset" 45
"../../../Engine/Content/EditorMaterials/MatineeGroups/MAT_Groups_Director.uasset" 46
"../../../Engine/Content/EditorMaterials/MatineeGroups/MAT_Groups_Event.uasset" 47
"../../../Engine/Content/EditorMaterials/MatineeGroups/MAT_Groups_Anim.uasset" 48
"../../../Engine/Content/EditorMaterials/MatineeGroups/MAT_Groups_Fade.uasset" 49
"../../../Engine/Content/EditorMaterials/MatineeGroups/MAT_Groups_Move.uasset" 50
"../../../Engine/Content/EditorMaterials/MatineeGroups/MAT_Groups_Slomo.uasset" 51
"../../../Engine/Content/EditorMaterials/MatineeGroups/MAT_ColorTrack.uasset" 52
"../../../Engine/Content/EditorMaterials/MAT_Groups_Toggle.uasset" 53
"../../../Engine/Content/EditorMaterials/MatineeGroups/MAT_Groups_AudioMaster.uasset" 54
"../../../Engine/Content/EditorMaterials/MatineeGroups/MAT_Groups_Sound.uasset" 55
"../../../Engine/Content/EditorMaterials/MatineeGroups/MAT_Groups_Vector.uasset" 56
"../../../Engine/Content/EditorMaterials/MAT_Groups_Visibility.uasset" 57
"../../../Engine/Content/EngineResources/DefaultTextureCube.uasset" 58
"../../../Engine/Content/Functions/Engine_MaterialFunctions01/Opacity/CameraDepthFade.uasset" 59
"../../../Engine/Content/EngineMaterials/T_Default_Material_Grid_M.uasset" 60
"../../../Engine/Content/EngineMaterials/T_Default_Material_Grid_N.uasset" 61
"../../../Engine/Content/EngineMaterials/DefaultMaterial.uasset" 62
"../../../Engine/Content/EngineMeshes/Cylinder.uasset" 63
"../../../Engine/Content/EngineTireTypes/DefaultTireType.uasset" 64
"../../../Engine/Content/VREditor/LaserPointer/VR_LaserPower_01.uasset" 65
"../../../Engine/Content/VREditor/TransformGizmo/TransformGizmoMaterial.uasset" 66
"../../../Engine/Content/VREditor/TransformGizmo/TranslucentTransformGizmoMaterial.uasset" 67
"../../../Engine/Content/VREditor/TransformGizmo/UniformScaleHandle.uasset" 68
"../../../Engine/Content/VREditor/TransformGizmo/TranslateHandleLong.uasset" 69
"../../../Engine/Content/VREditor/TransformGizmo/PlaneTranslationHandle.uasset" 70
"../../../Engine/Content/VREditor/TransformGizmo/RotationHandleFull.uasset" 71
"../../../Engine/Content/VREditor/TransformGizmo/StretchingHandle.uasset" 72
"../../../Engine/Content/VREditor/TransformGizmo/BoundingBoxCorner.uasset" 73
"../../../Engine/Content/VREditor/TransformGizmo/BoundingBoxEdge.uasset" 74
"../../../Engine/Content/VREditor/UI/SelectionBarMesh.uasset" 75
"../../../Engine/Content/VREditor/UI/CloseButtonMesh.uasset" 76
"../../../Engine/Content/VREditor/FloatingText/LineMaterial.uasset" 77
"../../../Engine/Content/VREditor/FloatingText/LineSegmentCylinder.uasset" 78
"../../../Engine/Content/VREditor/FloatingText/JointSphere.uasset" 79
"../../../Engine/Content/VREditor/Fonts/VRText_RobotoLarge.uasset" 80
"../../../Engine/Content/VREditor/Fonts/VRTextMaterial.uasset" 81
"../../../Engine/Content/VREditor/Fonts/TranslucentVRTextMaterial.uasset" 82
"../../../Engine/Content/VREditor/TransformGizmo/TranslationHandle.uasset" 83
"../../../Engine/Content/VREditor/TransformGizmo/RotationHandle.uasset" 84
"../../../Engine/Content/VREditor/Devices/Generic/GenericHMDMaterial.uasset" 85
"../../../Engine/Content/VREditor/Devices/Generic/GenericHMD.uasset" 86
"../../../Engine/Content/Functions/Engine_MaterialFunctions01/Gradient/RadialGradient.uasset" 87
"../../../Engine/Content/EditorLandscapeResources/FlattenHeightMat.uasset" 88
"../../../Engine/Content/VREditor/WorldMovementGrid/PlaneMesh.uasset" 89
"../../../Engine/Content/VREditor/WorldMovementGrid/SimpleGrid.uasset" 90
"../../../Engine/Content/VREditor/WorldMovementGrid/GridMaterial.uasset" 91
"../../../Engine/Content/VREditor/LaserPointer/LaserPointerMaterial.uasset" 92
"../../../Engine/Content/VREditor/LaserPointer/LaserPointerMaterialInst.uasset" 93
"../../../Engine/Content/VREditor/LaserPointer/TranslucentLaserPointerMaterialInst.uasset" 94
"../../../Engine/Content/VREditor/LaserPointer/LaserPointerMesh.uasset" 95
"../../../Engine/Content/Functions/Engine_MaterialFunctions01/Density/ExponentialDensity.uasset" 96
"../../../Engine/Content/VREditor/WorldMovementGrid/GridPostProcess.uasset" 97
"../../../Engine/Content/VREditor/Sounds/VR_teleport_Cue.uasset" 98
"../../../Engine/Content/VREditor/Sounds/VR_grab_Cue.uasset" 99
"../../../Engine/Content/Tutorial/BlueprintTutorials/TutorialAssets/Blueprint_64x.uasset" 100
"../../../Engine/Content/Tutorial/ContentIntroCurve.uasset" 101
"../../../Engine/Plugins/2D/Paper2D/Content/PlaceholderTextures/DummySpriteTexture.uasset" 102
"../../../Engine/Plugins/2D/Paper2D/Content/DefaultSpriteMaterial.uasset" 103
"../../../Engine/Plugins/2D/Paper2D/Content/MaskedUnlitSpriteMaterial.uasset" 104
"../../../Engine/Plugins/2D/Paper2D/Content/OpaqueUnlitSpriteMaterial.uasset" 105
"../../../Engine/Plugins/2D/Paper2D/Content/DummySprite.uasset" 106
"../../../Engine/Plugins/2D/Paper2D/Content/DefaultPaperTerrainMaterial.uasset" 107
"../../../Engine/Content/EngineMaterials/WorldGridMaterial.uasset" 108
"../../../Wanted_B01/Content/Geometry/World/M_Revolver.uasset" 109
"../../../Wanted_B01/Content/Blueprints/Weapons/PlayerRevolverBlueprint.uasset" 110
"../../../Wanted_B01/Content/Geometry/World/M_Knife.uasset" 111
"../../../Wanted_B01/Content/Blueprints/Weapons/WolfMeleeWeapon.uasset" 112
"../../../Wanted_B01/Content/Blueprints/Weapons/KnifeBP_Arman.uasset" 113
"../../../Wanted_B01/Content/Textures/1024Texture.uasset" 114
"../../../Wanted_B01/Content/Textures/GlobalNormal.uasset" 115
"../../../Wanted_B01/Content/Textures/TX_Tile_1024.uasset" 116
"../../../Wanted_B01/Content/Materials/MAT_Basic.uasset" 117
"../../../Wanted_B01/Content/Textures/TX_Rifle_AORoughnessMetallic.uasset" 118
"../../../Wanted_B01/Content/Textures/TX_Rifle_Colour.uasset" 119
"../../../Wanted_B01/Content/Textures/TX_Rifle_Normal.uasset" 120
"../../../Wanted_B01/Content/Materials/MI_Rifle.uasset" 121
"../../../Wanted_B01/Content/Geometry/World/M_Rifle.uasset" 122
"../../../Wanted_B01/Content/Blueprints/Weapons/Weapon_RifleBP.uasset" 123
"../../../Wanted_B01/Content/Geometry/Characters/VincentArgo/SK_Vincent_Proxy_PhysicsAsset.uasset" 124
"../../../Wanted_B01/Content/Geometry/Characters/VincentArgo/SK_Vincent_Proxy_Skeleton.uasset" 125
"../../../Wanted_B01/Content/Geometry/Characters/VincentArgo/SK_Vincent_Proxy.uasset" 126
"../../../Wanted_B01/Content/Blueprints/Player/CharacterControllerBlueprint.uasset" 127
"../../../Engine/Content/EngineMaterials/RemoveSurfaceMaterial.uasset" 128
"../../../Engine/Content/EngineDebugMaterials/DebugMeshMaterial.uasset" 129
"../../../Engine/Content/EngineMaterials/InvalidLightmapSettings.uasset" 130
"../../../Engine/Content/EngineMaterials/M_InvalidLightmapSettings.uasset" 131
"../../../Engine/Content/EditorMaterials/GizmoMaterial.uasset" 132
"../../../Engine/Content/EngineMaterials/PhAT_JointLimitMaterial.uasset" 133
"../../../Engine/Content/EngineMaterials/Good64x64TilingNoiseHighFreq.uasset" 134
"../../../Engine/Content/EngineMaterials/DefaultBokeh.uasset" 135
"../../../Engine/Content/EngineMaterials/PreintegratedSkinBRDF.uasset" 136
"../../../Engine/Content/EngineMaterials/MiniFont.uasset" 137
"../../../Engine/Content/EngineMaterials/WeightMapPlaceholderTexture.uasset" 138
"../../../Engine/Content/EngineMaterials/DefaultWhiteGrid.uasset" 139
"../../../Engine/Content/EngineMaterials/DefaultPhysicalMaterial.uasset" 140
"../../../Engine/Content/EngineFonts/RobotoTiny.uasset" 141
"../../../Engine/Content/EditorSounds/Notifications/CompileSuccess.uasset" 142
"../../../Engine/Content/EditorSounds/Notifications/CompileStart_Cue.uasset" 143
"../../../Engine/Content/EditorSounds/Notifications/CompileSuccess_Cue.uasset" 144
"../../../Engine/Content/EditorSounds/Notifications/CompileFailed.uasset" 145
"../../../Engine/Content/EditorSounds/Notifications/CompileFailed_Cue.uasset" 146
"../../../Engine/Content/MobileResources/HUD/MobileHUDButton3.uasset" 147
"../../../Engine/Content/MobileResources/HUD/VirtualJoystick_Background.uasset" 148
"../../../Engine/Content/MobileResources/HUD/VirtualJoystick_Thumb.uasset" 149
"../../../Engine/Content/MobileResources/HUD/DefaultVirtualJoysticks.uasset" 150
"../../../Engine/Content/MobileResources/HUD/MobileHUDButtonFire.uasset" 151
"../../../Engine/Content/MobileResources/HUD/T_Castle_ThumbstickOutter.uasset" 152
"../../../Engine/Content/MobileResources/HUD/MobileHUDDirectionStick.uasset" 153
"../../../Wanted_B01/Content/Geometry/Characters/BaseMannequin/UE4_Mannequin_Skeleton.uasset" 154
"../../../Wanted_B01/Content/Animation/ThirdPersonJump_End.uasset" 155
"../../../Wanted_B01/Content/Animation/ThirdPerson_Jump.uasset" 156
"../../../Wanted_B01/Content/Animation/ThirdPersonJump_Loop.uasset" 157
"../../../Wanted_B01/Content/Animation/ThirdPersonJump_Start.uasset" 158
"../../../Wanted_B01/Content/Animation/ThirdPersonIdle.uasset" 159
"../../../Wanted_B01/Content/Animation/ThirdPersonRun.uasset" 160
"../../../Wanted_B01/Content/Animation/ThirdPersonWalk.uasset" 161
"../../../Wanted_B01/Content/Animation/ThirdPerson_IdleRun_2D.uasset" 162
"../../../Engine/Content/EditorBlueprintResources/StandardMacros.uasset" 163
"../../../Wanted_B01/Content/Animation/ThirdPerson_AnimBP.uasset" 164
"../../../Wanted_B01/Content/Animation/Proxy/Anim_VincentProxy_Run.uasset" 165
"../../../Wanted_B01/Content/Geometry/Characters/Werewolf/SK_Werewolf_Proxy_Skeleton.uasset" 166
"../../../Wanted_B01/Content/Animation/Proxy/Anim_WerewolfProxy_Attack.uasset" 167
"../../../Wanted_B01/Content/Blueprints/Enemies/BartenderAI/MyAreaOfEffect.uasset" 168
"../../../Wanted_B01/Content/Blueprints/Enemies/BaseEnemyAI/EnemyAIBB.uasset" 169
"../../../Wanted_B01/Content/Blueprints/Enemies/BaseEnemyAI/EnemyAIBT.uasset" 170
"../../../Wanted_B01/Content/Blueprints/Enemies/BaseEnemyAI/EnemyAIControllerBP.uasset" 171
"../../../Wanted_B01/Content/Blueprints/Enemies/BaseEnemyAI/EnemyBP.uasset" 172
"../../../Wanted_B01/Content/MixamoAnimPack/Mixamo_Mortimer/Materials/Mortimer_normal.uasset" 173
"../../../Wanted_B01/Content/Textures/Barrel_Roughness.uasset" 174
"../../../Wanted_B01/Content/Blueprints/HUD/HUD.uasset" 175
"../../../Wanted_B01/Content/Blueprints/Objects/BearTrap.uasset" 176
"../../../Wanted_B01/Content/Blueprints/Objects/CollectibleObject.uasset" 177
"../../../Engine/Content/BasicShapes/BasicShapeMaterial.uasset" 178
"../../../Engine/Content/BasicShapes/Sphere.uasset" 179
"../../../Wanted_B01/Content/Blueprints/Objects/ProjectileBP.uasset" 180
"../../../Wanted_B01/Content/MixamoAnimPack/Mixamo_Adam/Anims/Mixamo_Adam_Skeleton.uasset" 181
"../../../Wanted_B01/Content/MixamoAnimPack/Mixamo_Adam/Anims/Mixamo_Adam_Sword_Slash.uasset" 182
"../../../Wanted_B01/Content/MixamoAnimPack/Mixamo_Adam/Anims/Mixamo_Adam_idle.uasset" 183
"../../../Wanted_B01/Content/MixamoAnimPack/Mixamo_Adam/Anims/Mixamo_Adam_run.uasset" 184
"../../../Wanted_B01/Content/MixamoAnimPack/Mixamo_Adam/Anims/Mixamo_Adam_walk.uasset" 185
"../../../Wanted_B01/Content/MixamoAnimPack/Mixamo_Adam/Anims/MixamoBlend_Adam_1D.uasset" 186
"../../../Wanted_B01/Content/Blueprints/Player/CharacterControllerWolfPlacehonder.uasset" 187
"../../../Wanted_B01/Content/Textures/TX_Cursor_Colour.uasset" 188
"../../../Wanted_B01/Content/Textures/TX_Cursor_O.uasset" 189
"../../../Wanted_B01/Content/Materials/MAT_Cursor.uasset" 190
"../../../Wanted_B01/Content/Blueprints/Player/Cursor.uasset" 191
"../../../Wanted_B01/Content/Geometry/Characters/BaseMannequin/SK_Mannequin_PhysicsAsset.uasset" 192
"../../../Wanted_B01/Content/Geometry/Characters/BountyHunter/SK_BountyHunter_Proxy_Skeleton.uasset" 193
"../../../Wanted_B01/Content/Animation/Proxy/Anim_BountyHunterProxy_Attack.uasset" 194
"../../../Wanted_B01/Content/Geometry/Characters/BountyHunter/MyAnimInstanceBP.uasset" 195
"../../../Wanted_B01/Content/Geometry/Characters/BountyHunter/MyCharacter.uasset" 196
"../../../Wanted_B01/Content/Textures/TX_Miner_Julius.uasset" 197
"../../../Wanted_B01/Content/Materials/MI_Miner.uasset" 198
"../../../Wanted_B01/Content/Geometry/Characters/Miner/M_Miner_Julius.uasset" 199
"../../../Wanted_B01/Content/Textures/TX_Scarlet_AORoughMetal.uasset" 200
"../../../Wanted_B01/Content/Textures/TX_Scarlett_C.uasset" 201
"../../../Wanted_B01/Content/Textures/TX_Scarlett_N.uasset" 202
"../../../Wanted_B01/Content/Materials/MI_Scarlett.uasset" 203
"../../../Wanted_B01/Content/Materials/MAT_Opacity.uasset" 204
"../../../Wanted_B01/Content/Textures/TX_Scarlett_C_Feather.uasset" 205
"../../../Wanted_B01/Content/Textures/TX_Scarlett_O_Feather_.uasset" 206
"../../../Wanted_B01/Content/Materials/MI_Scarlett_Feather.uasset" 207
"../../../Wanted_B01/Content/Textures/TX_Scarlett_AORoughMetal_Hair.uasset" 208
"../../../Wanted_B01/Content/Textures/TX_Scarlett_C_Hair.uasset" 209
"../../../Wanted_B01/Content/Materials/MI_Scarlett_Hair.uasset" 210
"../../../Wanted_B01/Content/Textures/TX_Scarlett_AORoughMetal_TopHair.uasset" 211
"../../../Wanted_B01/Content/Textures/TX_Scarlett_N_TopHair.uasset" 212
"../../../Wanted_B01/Content/Materials/MI_Scarlett_TopHair.uasset" 213
"../../../Wanted_B01/Content/Geometry/Characters/Scarlett/M_Scarlett_Mat.uasset" 214
"../../../Wanted_B01/Content/Geometry/Meshes/Objects/M_Knife.uasset" 215
"../../../Wanted_B01/Content/Geometry/Meshes/Objects/M_Revolver.uasset" 216
"../../../Wanted_B01/Content/Textures/TX_Rock_Wall_C.uasset" 217
"../../../Wanted_B01/Content/Textures/TX_Rock_Wall_N.uasset" 218
"../../../Wanted_B01/Content/Textures/TX_Rock_Wall_R.uasset" 219
"../../../Wanted_B01/Content/Materials/MAT_Wall.uasset" 220
"../../../Wanted_B01/Content/Textures/TX_Floor_Sand_C.uasset" 221
"../../../Wanted_B01/Content/Textures/TX_Floor_Sand_N.uasset" 222
"../../../Wanted_B01/Content/Textures/TX_Floor_Sand_R.uasset" 223
"../../../Wanted_B01/Content/Materials/MI_Floor.uasset" 224
"../../../Wanted_B01/Content/Geometry/Structure/M_Room_Floor_OneWall_Supported.uasset" 225
"../../../Wanted_B01/Content/Geometry/Structure/M__Hall_Straight_Terminal_Clean.uasset" 226
"../../../Wanted_B01/Content/Textures/2048Texture.uasset" 227
"../../../Wanted_B01/Content/Materials/MAT_UVTest.uasset" 228
"../../../Wanted_B01/Content/Geometry/World/M_Bottle_Thin.uasset" 229
"../../../Wanted_B01/Content/Textures/TX_Bullet_ARM.uasset" 230
"../../../Wanted_B01/Content/Textures/TX_Bullet_C.uasset" 231
"../../../Wanted_B01/Content/Textures/TX_Bullet_N.uasset" 232
"../../../Wanted_B01/Content/Materials/MI_Bullet.uasset" 233
"../../../Wanted_B01/Content/Geometry/World/M_Bullet.uasset" 234
"../../../Wanted_B01/Content/Textures/TX_BulletCasing_ARM.uasset" 235
"../../../Wanted_B01/Content/Textures/TX_BulletCasing_C.uasset" 236
"../../../Wanted_B01/Content/Textures/TX_BulletCasing_N.uasset" 237
"../../../Wanted_B01/Content/Materials/MI_BulletCasing.uasset" 238
"../../../Wanted_B01/Content/Geometry/World/M_BulletCasing.uasset" 239
"../../../Wanted_B01/Content/Materials/MAT_Simple.uasset" 240
"../../../Wanted_B01/Content/Textures/TX_Fan_Colour.uasset" 241
"../../../Wanted_B01/Content/Textures/TX_Fan_Metalness.uasset" 242
"../../../Wanted_B01/Content/Textures/TX_Fan_Roughness.uasset" 243
"../../../Wanted_B01/Content/Materials/MI_Fan.uasset" 244
"../../../Wanted_B01/Content/Geometry/World/M_Fan.uasset" 245
"../../../Wanted_B01/Content/Textures/TX_MINECART_C.uasset" 246
"../../../Wanted_B01/Content/Textures/TX_MINECART_M.uasset" 247
"../../../Wanted_B01/Content/Textures/TX_MINECART_R.uasset" 248
"../../../Wanted_B01/Content/Materials/MI_Minecart.uasset" 249
"../../../Wanted_B01/Content/Geometry/World/M_Minecart_Empty.uasset" 250
"../../../Wanted_B01/Content/Geometry/World/M_Rail_45.uasset" 251
"../../../Wanted_B01/Content/Geometry/World/M_Rail_90.uasset" 252
"../../../Wanted_B01/Content/Geometry/World/M_Rail_End.uasset" 253
"../../../Wanted_B01/Content/Geometry/World/M_Rail_Straight.uasset" 254
"../../../Wanted_B01/Content/Geometry/World/M_Rail_Y_Left.uasset" 255
"../../../Wanted_B01/Content/Geometry/World/M_Rail_Y_Right.uasset" 256
"../../../Wanted_B01/Content/Geometry/World/M_Shovel.uasset" 257
"../../../Wanted_B01/Content/Geometry/World/M_Table_Rectangle.uasset" 258
"../../../Wanted_B01/Content/Geometry/World/M_Table_Square.uasset" 259
"../../../Wanted_B01/Content/Geometry/World/M_Torch.uasset" 260
"../../../Wanted_B01/Content/Textures/TX_Barrel_AORoughnessMetallic.uasset" 261
"../../../Wanted_B01/Content/Textures/TX_Barrel_Normal.uasset" 262
"../../../Wanted_B01/Content/Textures/TX_BarrelColour.uasset" 263
"../../../Wanted_B01/Content/Materials/MI_Barrel.uasset" 264
"../../../Wanted_B01/Content/Textures/TX_Bucket_C.uasset" 265
"../../../Wanted_B01/Content/Textures/TX_Bucket_M.uasset" 266
"../../../Wanted_B01/Content/Textures/TX_Bucket_R.uasset" 267
"../../../Wanted_B01/Content/Materials/MI_Bucket.uasset" 268
"../../../Wanted_B01/Content/Textures/TX_Knife_ARM.uasset" 269
"../../../Wanted_B01/Content/Textures/TX_Knife_C.uasset" 270
"../../../Wanted_B01/Content/Textures/TX_Knife_N.uasset" 271
"../../../Wanted_B01/Content/Materials/MI_Knife.uasset" 272
"../../../Wanted_B01/Content/Materials/M_ProjectilePlaceHolder.uasset" 273
"../../../Wanted_B01/Content/MixamoAnimPack/Mixamo_Alpha/Anims/Mixamo_Alpha_Skeleton.uasset" 274
"../../../Wanted_B01/Content/MixamoAnimPack/Mixamo_Alpha/Anims/mixamo_jump.uasset" 275
"../../../Wanted_B01/Content/MixamoAnimPack/Mixamo_Alpha/Anims/mixamo_runningJump.uasset" 276
"../../../Wanted_B01/Content/MixamoAnimPack/Mixamo_Alpha/Anims/mixamo_Shooting.uasset" 277
"../../../Wanted_B01/Content/MixamoAnimPack/Mixamo_Alpha/Anims/mixamo_idle.uasset" 278
"../../../Wanted_B01/Content/MixamoAnimPack/Mixamo_Alpha/Anims/mixamo_run.uasset" 279
"../../../Wanted_B01/Content/MixamoAnimPack/Mixamo_Alpha/Anims/mixamo_walk.uasset" 280
"../../../Wanted_B01/Content/MixamoAnimPack/Mixamo_Alpha/Anims/MixamoBlend_Alpha_1D.uasset" 281
"../../../Wanted_B01/Content/MixamoAnimPack/MixamoCharacter_Master.uasset" 282
"../../../Wanted_B01/Content/MixamoAnimPack/Mixamo_Alpha/Anims/MixamoAnimBP_Alpha.uasset" 283
"../../../Wanted_B01/Content/MixamoAnimPack/Mixamo_Alpha/Materials/Alpha_Body_MAT.uasset" 284
"../../../Wanted_B01/Content/MixamoAnimPack/Mixamo_Alpha/Materials/Alpha_Joints_MAT.uasset" 285
"../../../Wanted_B01/Content/MixamoAnimPack/Mixamo_Alpha/Mesh/Maximo_Alpha_Physics.uasset" 286
"../../../Wanted_B01/Content/MixamoAnimPack/Mixamo_Alpha/Mesh/Maximo_Alpha.uasset" 287
"../../../Wanted_B01/Content/MixamoAnimPack/Mixamo_Alpha/Mixamo_Alpha.uasset" 288
"../../../Wanted_B01/Content/MixamoAnimPack/MixamoGame.uasset" 289
"../../../Wanted_B01/Content/MixamoAnimPack/Mixamo_Adam/Anims/Mixamo_Adam_jump.uasset" 290
"../../../Wanted_B01/Content/MixamoAnimPack/Mixamo_Adam/Anims/Mixamo_Adam_Running_Jump.uasset" 291
"../../../Wanted_B01/Content/MixamoAnimPack/Mixamo_Adam/Anims/Mixamo_Adam_Shooting.uasset" 292
"../../../Wanted_B01/Content/MixamoAnimPack/Mixamo_Adam/Anims/MixamoAnimBP_Adam.uasset" 293
"../../../Wanted_B01/Content/MixamoAnimPack/Mixamo_Adam/Materials/GC_Clothes_COL_2k.uasset" 294
"../../../Wanted_B01/Content/MixamoAnimPack/Mixamo_Adam/Materials/GC_Clothes_mask_2k.uasset" 295
"../../../Wanted_B01/Content/MixamoAnimPack/Mixamo_Adam/Materials/GC_Clothes_NM_2k.uasset" 296
"../../../Wanted_B01/Content/MixamoAnimPack/Mixamo_Adam/Materials/M_Maximo_Adam_Body.uasset" 297
"../../../Wanted_B01/Content/MixamoAnimPack/Mixamo_Adam/Materials/GC_Skin_COL_2k_diffuse.uasset" 298
"../../../Wanted_B01/Content/MixamoAnimPack/Mixamo_Adam/Materials/GC_Skin_Mask_2k.uasset" 299
"../../../Wanted_B01/Content/MixamoAnimPack/Mixamo_Adam/Materials/GC_Skin_NM_2k.uasset" 300
"../../../Wanted_B01/Content/MixamoAnimPack/Mixamo_Adam/Materials/M_Maximo_Adam_Face.uasset" 301
"../../../Wanted_B01/Content/MixamoAnimPack/Mixamo_Adam/Mesh/Maximo_Adam.uasset" 302
"../../../Wanted_B01/Content/MixamoAnimPack/Mixamo_Adam/Mixamo_Adam.uasset" 303
"../../../Wanted_B01/Content/MixamoAnimPack/Mixamo_Adam/Materials/M_Maximo_Adam_Clothes.uasset" 304
"../../../Wanted_B01/Content/MixamoAnimPack/Mixamo_Adam/Materials/M_Maximo_Adam_Skin.uasset" 305
"../../../Wanted_B01/Content/MixamoAnimPack/Mixamo_Adam/Mesh/Adam_PhysicsAsset.uasset" 306
"../../../Wanted_B01/Content/MixamoAnimPack/Mixamo_Alpha/Anims/mixamo_Sword_Swing.uasset" 307
"../../../Wanted_B01/Content/MixamoAnimPack/Mixamo_Alpha/Materials/Alpha_Body.uasset" 308
"../../../Wanted_B01/Content/MixamoAnimPack/Mixamo_Alpha/Materials/Alpha_Joints.uasset" 309
"../../../Wanted_B01/Content/MixamoAnimPack/Mixamo_ExoRed/Anims/ExoRed_Skeleton.uasset" 310
"../../../Wanted_B01/Content/MixamoAnimPack/Mixamo_ExoRed/Anims/Exo_Jump_Copy.uasset" 311
"../../../Wanted_B01/Content/MixamoAnimPack/Mixamo_ExoRed/Anims/Exo_Running_Jump_Copy.uasset" 312
"../../../Wanted_B01/Content/MixamoAnimPack/Mixamo_ExoRed/Anims/Exo_Shooting_Copy.uasset" 313
"../../../Wanted_B01/Content/MixamoAnimPack/Mixamo_ExoRed/Anims/Exo_Idle_Copy.uasset" 314
"../../../Wanted_B01/Content/MixamoAnimPack/Mixamo_ExoRed/Anims/Exo_Run_Copy.uasset" 315
"../../../Wanted_B01/Content/MixamoAnimPack/Mixamo_ExoRed/Anims/Exo_Walk_Copy.uasset" 316
"../../../Wanted_B01/Content/MixamoAnimPack/Mixamo_ExoRed/Anims/MixamoBlend_ExoRed_1D.uasset" 317
"../../../Wanted_B01/Content/MixamoAnimPack/Mixamo_ExoRed/Anims/MixamoAnimBP_ExoRed.uasset" 318
"../../../Wanted_B01/Content/MixamoAnimPack/Mixamo_ExoRed/Materials/EXO_normal.uasset" 319
"../../../Wanted_B01/Content/MixamoAnimPack/Mixamo_ExoRed/Materials/RED_EXO_diffuse.uasset" 320
"../../../Wanted_B01/Content/MixamoAnimPack/Mixamo_ExoRed/Materials/RED_EXO_mask.uasset" 321
"../../../Wanted_B01/Content/MixamoAnimPack/Mixamo_ExoRed/Materials/Exo_Red_Armor.uasset" 322
"../../../Wanted_B01/Content/MixamoAnimPack/Mixamo_ExoRed/Materials/BODY_mask.uasset" 323
"../../../Wanted_B01/Content/MixamoAnimPack/Mixamo_ExoRed/Materials/BODY_normal.uasset" 324
"../../../Wanted_B01/Content/MixamoAnimPack/Mixamo_ExoRed/Materials/RED_BODY_diffuse.uasset" 325
"../../../Wanted_B01/Content/MixamoAnimPack/Mixamo_ExoRed/Materials/Exo_Red_Bod.uasset" 326
"../../../Wanted_B01/Content/MixamoAnimPack/Mixamo_ExoRed/Mesh/ExoRed_PhysicsAsset.uasset" 327
"../../../Wanted_B01/Content/MixamoAnimPack/Mixamo_ExoRed/Mesh/Maximo_ExoRed.uasset" 328
"../../../Wanted_B01/Content/MixamoAnimPack/Mixamo_ExoRed/Mixamo_ExoRed.uasset" 329
"../../../Wanted_B01/Content/MixamoAnimPack/Mixamo_ExoRed/Anims/Exo_Sword_Swing_Copy.uasset" 330
"../../../Wanted_B01/Content/MixamoAnimPack/Mixamo_Ganfault/Anims/Mixamo_Ganfault_Skeleton.uasset" 331
"../../../Wanted_B01/Content/MixamoAnimPack/Mixamo_Ganfault/Anims/Mixamo_Ganfault__jump.uasset" 332
"../../../Wanted_B01/Content/MixamoAnimPack/Mixamo_Ganfault/Anims/Mixamo_Ganfault_Jump.uasset" 333
"../../../Wanted_B01/Content/MixamoAnimPack/Mixamo_Ganfault/Anims/Mixamo_Ganfault_Sword_Slash.uasset" 334
"../../../Wanted_B01/Content/MixamoAnimPack/Mixamo_Ganfault/Anims/Mixamo_Ganfault_idle.uasset" 335
"../../../Wanted_B01/Content/MixamoAnimPack/Mixamo_Ganfault/Anims/Mixamo_Ganfault_Run.uasset" 336
"../../../Wanted_B01/Content/MixamoAnimPack/Mixamo_Ganfault/Anims/Mixamo_Ganfault_Walk.uasset" 337
"../../../Wanted_B01/Content/MixamoAnimPack/Mixamo_Ganfault/Anims/MixamoBlend_Ganfault_1D.uasset" 338
"../../../Wanted_B01/Content/MixamoAnimPack/Mixamo_Ganfault/Anims/MixamoAnimBP_GanFaul.uasset" 339
"../../../Wanted_B01/Content/MixamoAnimPack/Mixamo_Ganfault/Materials/Ganfaul_diffuse.uasset" 340
"../../../Wanted_B01/Content/MixamoAnimPack/Mixamo_Ganfault/Materials/Ganfaul_glow.uasset" 341
"../../../Wanted_B01/Content/MixamoAnimPack/Mixamo_Ganfault/Materials/Ganfaul_mask.uasset" 342
"../../../Wanted_B01/Content/MixamoAnimPack/Mixamo_Ganfault/Materials/Ganfaul_normal.uasset" 343
"../../../Wanted_B01/Content/MixamoAnimPack/Mixamo_Ganfault/Materials/Ganfaul_Mat.uasset" 344
"../../../Wanted_B01/Content/MixamoAnimPack/Mixamo_Ganfault/Materials/Ganfaul_Mat_Inst.uasset" 345
"../../../Wanted_B01/Content/MixamoAnimPack/Mixamo_Ganfault/Mesh/Mixamo_Ganfault_Aure_Physics.uasset" 346
"../../../Wanted_B01/Content/MixamoAnimPack/Mixamo_Ganfault/Mesh/Mixamo_Ganfault_Aure.uasset" 347
"../../../Wanted_B01/Content/MixamoAnimPack/Mixamo_Ganfault/Mixamo_Ganfault.uasset" 348
"../../../Wanted_B01/Content/MixamoAnimPack/Mixamo_Ganfault/Anims/Mixamo_Ganfault_Shooting.uasset" 349
"../../../Wanted_B01/Content/MixamoAnimPack/Mixamo_Ganfault/Materials/Ganfaul_specular.uasset" 350
"../../../Wanted_B01/Content/MixamoAnimPack/Mixamo_Goblin/Anims/Mixamo_Goblin_Skeleton.uasset" 351
"../../../Wanted_B01/Content/MixamoAnimPack/Mixamo_Goblin/Anims/Mixamo_Goblin_jump.uasset" 352
"../../../Wanted_B01/Content/MixamoAnimPack/Mixamo_Goblin/Anims/Mixamo_Goblin_Running_Jump.uasset" 353
"../../../Wanted_B01/Content/MixamoAnimPack/Mixamo_Goblin/Anims/Mixamo_Goblin_Sword_slash.uasset" 354
"../../../Wanted_B01/Content/MixamoAnimPack/Mixamo_Goblin/Anims/Mixamo_Goblin_idle.uasset" 355
"../../../Wanted_B01/Content/MixamoAnimPack/Mixamo_Goblin/Anims/Mixamo_Goblin_Run.uasset" 356
"../../../Wanted_B01/Content/MixamoAnimPack/Mixamo_Goblin/Anims/Mixamo_Goblin_Walk.uasset" 357
"../../../Wanted_B01/Content/MixamoAnimPack/Mixamo_Goblin/Anims/MixamoBlend_Goblin_1D.uasset" 358
"../../../Wanted_B01/Content/MixamoAnimPack/Mixamo_Goblin/Anims/MixamoAnimBP_Goblin.uasset" 359
"../../../Wanted_B01/Content/MixamoAnimPack/Mixamo_Goblin/Materials/goblin_diffuse.uasset" 360
"../../../Wanted_B01/Content/MixamoAnimPack/Mixamo_Goblin/Materials/goblin_mask.uasset" 361
"../../../Wanted_B01/Content/MixamoAnimPack/Mixamo_Goblin/Materials/goblin_normal.uasset" 362
"../../../Wanted_B01/Content/MixamoAnimPack/Mixamo_Goblin/Materials/Goblin_mat.uasset" 363
"../../../Wanted_B01/Content/MixamoAnimPack/Mixamo_Goblin/Mesh/Mixamo_Goblin.uasset" 364
"../../../Wanted_B01/Content/MixamoAnimPack/Mixamo_Goblin/Mixamo_Goblin.uasset" 365
"../../../Wanted_B01/Content/MixamoAnimPack/Mixamo_Goblin/Anims/Mixamo_Goblin_Shooting.uasset" 366
"../../../Wanted_B01/Content/MixamoAnimPack/Mixamo_Goblin/Materials/goblin_specular.uasset" 367
"../../../Wanted_B01/Content/MixamoAnimPack/Mixamo_Goblin/Mesh/Goblin_PhysicsAsset.uasset" 368
"../../../Wanted_B01/Content/MixamoAnimPack/Mixamo_Heraklios/Anims/Mixamo_Heraklios_Skeleton.uasset" 369
"../../../Wanted_B01/Content/MixamoAnimPack/Mixamo_Heraklios/Anims/Mixamo_Heraklios_jump.uasset" 370
"../../../Wanted_B01/Content/MixamoAnimPack/Mixamo_Heraklios/Anims/Mixamo_Heraklios_Running_Jump.uasset" 371
"../../../Wanted_B01/Content/MixamoAnimPack/Mixamo_Heraklios/Anims/Mixamo_Heraklios_Sword_Slash.uasset" 372
"../../../Wanted_B01/Content/MixamoAnimPack/Mixamo_Heraklios/Anims/Mixamo_Heraklios_idle.uasset" 373
"../../../Wanted_B01/Content/MixamoAnimPack/Mixamo_Heraklios/Anims/Mixamo_Heraklios_Run.uasset" 374
"../../../Wanted_B01/Content/MixamoAnimPack/Mixamo_Heraklios/Anims/Mixamo_Heraklios_Walk.uasset" 375
"../../../Wanted_B01/Content/MixamoAnimPack/Mixamo_Heraklios/Anims/MixamoBlend_Heraklios_1D.uasset" 376
"../../../Wanted_B01/Content/MixamoAnimPack/Mixamo_Heraklios/Anims/MixamoAnimBP_Heraklios.uasset" 377
"../../../Wanted_B01/Content/MixamoAnimPack/Mixamo_Heraklios/Materials/battalion-leader-heraklios_diffuse.uasset" 378
"../../../Wanted_B01/Content/MixamoAnimPack/Mixamo_Heraklios/Materials/battalion-leader-heraklios_mask.uasset" 379
"../../../Wanted_B01/Content/MixamoAnimPack/Mixamo_Heraklios/Materials/battalion-leader-heraklios_normal.uasset" 380
"../../../Wanted_B01/Content/MixamoAnimPack/Mixamo_Heraklios/Materials/Heraklios_Mat.uasset" 381
"../../../Wanted_B01/Content/MixamoAnimPack/Mixamo_Heraklios/Materials/Heraklios_Mat_Inst.uasset" 382
"../../../Wanted_B01/Content/MixamoAnimPack/Mixamo_Heraklios/Mesh/Mixamo_Heraklios_Physics.uasset" 383
"../../../Wanted_B01/Content/MixamoAnimPack/Mixamo_Heraklios/Mesh/Mixamo_Heraklios.uasset" 384
"../../../Wanted_B01/Content/MixamoAnimPack/Mixamo_Heraklios/Mixamo_Heraklios.uasset" 385
"../../../Wanted_B01/Content/MixamoAnimPack/Mixamo_Heraklios/Anims/Mixamo_Heraklios_Shooting.uasset" 386
"../../../Wanted_B01/Content/MixamoAnimPack/Mixamo_Jill/Anims/Jill_Skeleton.uasset" 387
"../../../Wanted_B01/Content/MixamoAnimPack/Mixamo_Jill/Anims/Jill_jump.uasset" 388
"../../../Wanted_B01/Content/MixamoAnimPack/Mixamo_Jill/Anims/Jill_Running_Jump.uasset" 389
"../../../Wanted_B01/Content/MixamoAnimPack/Mixamo_Jill/Anims/Jill_Sword_Slash.uasset" 390
"../../../Wanted_B01/Content/MixamoAnimPack/Mixamo_Jill/Anims/Jill_idle.uasset" 391
"../../../Wanted_B01/Content/MixamoAnimPack/Mixamo_Jill/Anims/Jill_Run.uasset" 392
"../../../Wanted_B01/Content/MixamoAnimPack/Mixamo_Jill/Anims/Jill_Walk.uasset" 393
"../../../Wanted_B01/Content/MixamoAnimPack/Mixamo_Jill/Anims/MixamoBlend_Jill_1D.uasset" 394
"../../../Wanted_B01/Content/MixamoAnimPack/Mixamo_Jill/Anims/MixamoAnimBP_Jill.uasset" 395
"../../../Wanted_B01/Content/MixamoAnimPack/Mixamo_Jill/Materials/Jill_HiMidRes_diffuse.uasset" 396
"../../../Wanted_B01/Content/MixamoAnimPack/Mixamo_Jill/Materials/Jill_HiMidRes_mask.uasset" 397
"../../../Wanted_B01/Content/MixamoAnimPack/Mixamo_Jill/Materials/Jill_HiMidRes_normal.uasset" 398
"../../../Wanted_B01/Content/MixamoAnimPack/Mixamo_Jill/Materials/Jill_Mat.uasset" 399
"../../../Wanted_B01/Content/MixamoAnimPack/Mixamo_Jill/Mesh/Jill_Physics.uasset" 400
"../../../Wanted_B01/Content/MixamoAnimPack/Mixamo_Jill/Mesh/Jill.uasset" 401
"../../../Wanted_B01/Content/MixamoAnimPack/Mixamo_Jill/Mixamo_Jill.uasset" 402
"../../../Wanted_B01/Content/MixamoAnimPack/Mixamo_Jill/Anims/Jill_Shooting.uasset" 403
"../../../Engine/Content/BasicShapes/Cone.uasset" 404
"../../../Engine/Content/BasicShapes/Cylinder.uasset" 405
"../../../Engine/Content/EditorMaterials/PreviewShadowIndicator.uasset" 406
"../../../Engine/Content/EditorMaterials/PreviewShadowIndicatorMaterial.uasset" 407
"../../../Engine/Content/EditorMeshes/ColorCalibrator/M_ChromeBall.uasset" 408
"../../../Engine/Content/EditorMeshes/ColorCalibrator/M_ClearCoat.uasset" 409
"../../../Engine/Content/EditorMeshes/ColorCalibrator/M_ClearCoatBlack.uasset" 410
"../../../Engine/Content/EditorMeshes/ColorCalibrator/T_ColorGrid.uasset" 411
"../../../Engine/Content/EditorMeshes/ColorCalibrator/M_ColorGrid.uasset" 412
"../../../Engine/Content/EditorMeshes/ColorCalibrator/M_GreyBall.uasset" 413
"../../../Engine/Content/EditorMeshes/ColorCalibrator/SM_ColorCalibrator.uasset" 414
"../../../Engine/Content/EditorResources/BSPVertex.uasset" 415
"../../../Engine/Content/EditorResources/EmptyActor.uasset" 416
"../../../Engine/Content/EditorResources/LightIcons/S_LightError.uasset" 417
"../../../Engine/Content/EngineDebugMaterials/HeatmapGradient.uasset" 418
"../../../Engine/Content/EngineDebugMaterials/BoneWeightMaterial.uasset" 419
"../../../Engine/Content/EngineDebugMaterials/GeomMaterial.uasset" 420
"../../../Engine/Content/EngineMaterials/EditorBrushMaterial.uasset" 421
"../../../Engine/Content/EngineMeshes/Cube.uasset" 422
"../../../Engine/Content/MobileResources/T_MobileControls_texture.uasset" 423
"../../../Engine/Content/MobileResources/T_MobileMenu2.uasset" 424
"../../../Engine/Content/MobileResources/HUD/AnalogHat.uasset" 425
"../../../Engine/Content/MobileResources/HUD/LeftVirtualJoystickOnly.uasset" 426
"../../../Engine/Content/MobileResources/HUD/MobileHUDButton1_off.uasset" 427
"../../../Engine/Content/MobileResources/HUD/MobileHUDButton1_on.uasset" 428
"../../../Engine/Content/MobileResources/HUD/MobileHUDButton2_off.uasset" 429
"../../../Engine/Content/MobileResources/HUD/MobileHUDButton2_on.uasset" 430
"../../../Engine/Content/MobileResources/HUD/MobileHUDDirectionPad.uasset" 431
"../../../Engine/Content/MobileResources/HUD/MobileHUDDirectionPad2.uasset" 432
"../../../Engine/Content/MobileResources/HUD/MobileHUDDirectionPad3.uasset" 433
"../../../Engine/Content/MobileResources/HUD/T_Castle_ThumbstickInner.uasset" 434
"../../../Engine/Content/Tutorial/Basics/TutorialAssets/icon_tab_Levels_40x.uasset" 435
"../../../Engine/Content/Tutorial/BlueprintTutorials/TutorialAssets/BlueprintInterface_64x.uasset" 436
"../../../Engine/Content/Tutorial/BlueprintTutorials/TutorialAssets/BlueprintMacroLibrary_64x.uasset" 437
"../../../Engine/Content/Tutorial/BlueprintTutorials/TutorialAssets/Tutorial_BP_Interface.uasset" 438
"../../../Engine/Content/Tutorial/Foliage/TutorialAssets/Foliage.uasset" 439
"../../../Engine/Content/Tutorial/Landscape/TutorialAssets/Landscape.uasset" 440
"../../../Engine/Content/Tutorial/Paper2D/TutorialAssets/Paper2DFlipbook_TutorialIcon.uasset" 441
"../../../Engine/Content/Tutorial/Paper2D/TutorialAssets/Paper2DSprite_TutorialIcon.uasset" 442
"../../../Engine/Content/Tutorial/SubEditors/TutorialAssets/icon_Editor_Preferences_General_40x.uasset" 443
"../../../Engine/Content/Tutorial/SubEditors/TutorialAssets/icon_ShowSkeletalMeshes_40x.uasset" 444
"../../../Engine/Content/Tutorial/SubEditors/TutorialAssets/TutorialMaterial.uasset" 445
"../../../Engine/Content/Tutorial/SubEditors/TutorialAssets/T_SmokeSubUV_8X8.uasset" 446
"../../../Engine/Content/Tutorial/SubEditors/TutorialAssets/T_soft_smoke.uasset" 447
"../../../Engine/Content/Tutorial/SubEditors/TutorialAssets/M_smoke_subUV_blackbody.uasset" 448
"../../../Engine/Content/Tutorial/SubEditors/TutorialAssets/TutorialParticleSystem.uasset" 449
"../../../Engine/Content/EditorMeshes/EditorCube.uasset" 450
"../../../Engine/Content/Tutorial/SubEditors/TutorialAssets/Tutorial_DM.uasset" 451
"../../../Wanted_B01/Content/MixamoAnimPack/Mixamo_Kachujin/Anims/Kachujin_G_Rosales_Skeleton.uasset" 452
"../../../Wanted_B01/Content/MixamoAnimPack/Mixamo_Kachujin/Anims/Kachujin_G_Rosales_jump.uasset" 453
"../../../Wanted_B01/Content/MixamoAnimPack/Mixamo_Kachujin/Anims/Kachujin_G_Rosales_Running_Jump.uasset" 454
"../../../Wanted_B01/Content/MixamoAnimPack/Mixamo_Kachujin/Anims/Kachujin_G_Rosales_Sword_Swing.uasset" 455
"../../../Wanted_B01/Content/MixamoAnimPack/Mixamo_Kachujin/Anims/Kachujin_G_Rosales_idle.uasset" 456
"../../../Wanted_B01/Content/MixamoAnimPack/Mixamo_Kachujin/Anims/Kachujin_G_Rosales_Run.uasset" 457
"../../../Wanted_B01/Content/MixamoAnimPack/Mixamo_Kachujin/Anims/Kachujin_G_Rosales_Walk.uasset" 458
"../../../Wanted_B01/Content/MixamoAnimPack/Mixamo_Kachujin/Anims/MixamoBlend_Kachujin_1D.uasset" 459
"../../../Wanted_B01/Content/MixamoAnimPack/Mixamo_Kachujin/Anims/MixamoAnimBP_Kachujin.uasset" 460
"../../../Wanted_B01/Content/MixamoAnimPack/Mixamo_Kachujin/Materials/Kachujin_diffuse.uasset" 461
"../../../Wanted_B01/Content/MixamoAnimPack/Mixamo_Kachujin/Materials/Kachujin_Mask.uasset" 462
"../../../Wanted_B01/Content/MixamoAnimPack/Mixamo_Kachujin/Materials/Kachujin_normal.uasset" 463
"../../../Wanted_B01/Content/MixamoAnimPack/Mixamo_Kachujin/Materials/Kachujin_Mat.uasset" 464
"../../../Wanted_B01/Content/MixamoAnimPack/Mixamo_Kachujin/Mesh/Kachujin_G_Rosales_Physics.uasset" 465
"../../../Wanted_B01/Content/MixamoAnimPack/Mixamo_Kachujin/Mesh/Kachujin_G_Rosales.uasset" 466
"../../../Wanted_B01/Content/MixamoAnimPack/Mixamo_Kachujin/Mixamo_Kachujin.uasset" 467
"../../../Wanted_B01/Content/MixamoAnimPack/Mixamo_Kachujin/Anims/Kachujin_G_Rosales_Shooting.uasset" 468
"../../../Wanted_B01/Content/MixamoAnimPack/Mixamo_Kachujin/Materials/Kachujin_specular.uasset" 469
"../../../Wanted_B01/Content/MixamoAnimPack/Mixamo_Maria/Anims/Maria_J_J_Ong_Skeleton.uasset" 470
"../../../Wanted_B01/Content/MixamoAnimPack/Mixamo_Maria/Anims/Maria_J_J_Ong_jump.uasset" 471
"../../../Wanted_B01/Content/MixamoAnimPack/Mixamo_Maria/Anims/Maria_J_J_Ong_Running_Jump.uasset" 472
"../../../Wanted_B01/Content/MixamoAnimPack/Mixamo_Maria/Anims/Maria_J_J_Ong_Sword_Swing.uasset" 473
"../../../Wanted_B01/Content/MixamoAnimPack/Mixamo_Maria/Anims/Maria_J_J_Ong_idle.uasset" 474
"../../../Wanted_B01/Content/MixamoAnimPack/Mixamo_Maria/Anims/Maria_J_J_Ong_Run.uasset" 475
"../../../Wanted_B01/Content/MixamoAnimPack/Mixamo_Maria/Anims/Maria_J_J_Ong_Walk.uasset" 476
"../../../Wanted_B01/Content/MixamoAnimPack/Mixamo_Maria/Anims/MixamoBlend_Maria_1D.uasset" 477
"../../../Wanted_B01/Content/MixamoAnimPack/Mixamo_Maria/Anims/MixamoAnimBP_Maria.uasset" 478
"../../../Wanted_B01/Content/MixamoAnimPack/Mixamo_Maria/Materials/maria_diffuse.uasset" 479
"../../../Wanted_B01/Content/MixamoAnimPack/Mixamo_Maria/Materials/maria_mask.uasset" 480
"../../../Wanted_B01/Content/MixamoAnimPack/Mixamo_Maria/Materials/maria_normal.uasset" 481
"../../../Wanted_B01/Content/MixamoAnimPack/Mixamo_Maria/Materials/Maria_Mat.uasset" 482
"../../../Wanted_B01/Content/MixamoAnimPack/Mixamo_Maria/Mesh/Maria_PhysicsAssets.uasset" 483
"../../../Wanted_B01/Content/MixamoAnimPack/Mixamo_Maria/Mesh/Maximo_Maria.uasset" 484
"../../../Wanted_B01/Content/MixamoAnimPack/Mixamo_Maria/Mixamo_Maria.uasset" 485
"../../../Wanted_B01/Content/MixamoAnimPack/Mixamo_Maria/Anims/Maria_J_J_Ong_Shooting.uasset" 486
"../../../Wanted_B01/Content/MixamoAnimPack/Mixamo_Maw/Anims/Maw_J_Laygo_Skeleton.uasset" 487
"../../../Wanted_B01/Content/MixamoAnimPack/Mixamo_Maw/Anims/Maw_J_Laygo_jump.uasset" 488
"../../../Wanted_B01/Content/MixamoAnimPack/Mixamo_Maw/Anims/Maw_J_Laygo_Running_Jump.uasset" 489
"../../../Wanted_B01/Content/MixamoAnimPack/Mixamo_Maw/Anims/Maw_J_Laygo_Sword_Swing.uasset" 490
"../../../Wanted_B01/Content/MixamoAnimPack/Mixamo_Maw/Anims/Maw_J_Laygo_idle.uasset" 491
"../../../Wanted_B01/Content/MixamoAnimPack/Mixamo_Maw/Anims/Maw_J_Laygo_Run.uasset" 492
"../../../Wanted_B01/Content/MixamoAnimPack/Mixamo_Maw/Anims/Maw_J_Laygo_Walk.uasset" 493
"../../../Wanted_B01/Content/MixamoAnimPack/Mixamo_Maw/Anims/MixamoBlend_Maw_1D.uasset" 494
"../../../Wanted_B01/Content/MixamoAnimPack/Mixamo_Maw/Anims/MixamoAnimBP_Maw.uasset" 495
"../../../Wanted_B01/Content/MixamoAnimPack/Mixamo_Maw/Materials/MAW_diffuse.uasset" 496
"../../../Wanted_B01/Content/MixamoAnimPack/Mixamo_Maw/Materials/MAW_glow.uasset" 497
"../../../Wanted_B01/Content/MixamoAnimPack/Mixamo_Maw/Materials/MAW_mask.uasset" 498
"../../../Wanted_B01/Content/MixamoAnimPack/Mixamo_Maw/Materials/MAW_normal.uasset" 499
"../../../Wanted_B01/Content/MixamoAnimPack/Mixamo_Maw/Materials/Maw_Mat.uasset" 500
"../../../Wanted_B01/Content/MixamoAnimPack/Mixamo_Maw/Mesh/Maw_J_Laygo_Physics.uasset" 501
"../../../Wanted_B01/Content/MixamoAnimPack/Mixamo_Maw/Mesh/Maw_J_Laygo.uasset" 502
"../../../Wanted_B01/Content/MixamoAnimPack/Mixamo_Maw/Mixamo_Maw.uasset" 503
"../../../Wanted_B01/Content/MixamoAnimPack/Mixamo_Maw/Anims/Maw_J_Laygo_Shooting.uasset" 504
"../../../Wanted_B01/Content/MixamoAnimPack/Mixamo_Mortimer/Anims/Mortimer_Skeleton.uasset" 505
"../../../Wanted_B01/Content/MixamoAnimPack/Mixamo_Mortimer/Anims/Mortimer_jump.uasset" 506
"../../../Wanted_B01/Content/MixamoAnimPack/Mixamo_Mortimer/Anims/Mortimer_Running_Jump.uasset" 507
"../../../Wanted_B01/Content/MixamoAnimPack/Mixamo_Mortimer/Anims/Mortimer_Sword_Slash.uasset" 508
"../../../Wanted_B01/Content/MixamoAnimPack/Mixamo_Mortimer/Anims/Mortimer_idle.uasset" 509
"../../../Wanted_B01/Content/MixamoAnimPack/Mixamo_Mortimer/Anims/Mortimer_Run.uasset" 510
"../../../Wanted_B01/Content/MixamoAnimPack/Mixamo_Mortimer/Anims/Mortimer_Walk.uasset" 511
"../../../Wanted_B01/Content/MixamoAnimPack/Mixamo_Mortimer/Anims/MixamoBlend_Mortimer_1D.uasset" 512
"../../../Wanted_B01/Content/MixamoAnimPack/Mixamo_Mortimer/Anims/MixamoAnimBP_Mortimer.uasset" 513
"../../../Wanted_B01/Content/MixamoAnimPack/Mixamo_Mortimer/Materials/Mortimer_diffuse.uasset" 514
"../../../Wanted_B01/Content/MixamoAnimPack/Mixamo_Mortimer/Materials/Mort_Alpha.uasset" 515
"../../../Wanted_B01/Content/MixamoAnimPack/Mixamo_Mortimer/Materials/Mortimer_mask.uasset" 516
"../../../Wanted_B01/Content/MixamoAnimPack/Mixamo_Mortimer/Materials/Mort_Mat.uasset" 517
"../../../Wanted_B01/Content/MixamoAnimPack/Mixamo_Mortimer/Mesh/Mortimer_Physics.uasset" 518
"../../../Wanted_B01/Content/MixamoAnimPack/Mixamo_Mortimer/Mesh/Mortimer.uasset" 519
"../../../Wanted_B01/Content/MixamoAnimPack/Mixamo_Mortimer/Mixamo_Mortimer.uasset" 520
"../../../Wanted_B01/Content/MixamoAnimPack/Mixamo_Mortimer/Anims/Mortimer_Shooting.uasset" 521
"../../../Wanted_B01/Content/MixamoAnimPack/Mixamo_Mortimer/Materials/Mortimer_specular.uasset" 522
"../../../Wanted_B01/Content/MixamoAnimPack/Mixamo_SWAT/Anims/SWAT_Skeleton.uasset" 523
"../../../Wanted_B01/Content/MixamoAnimPack/Mixamo_SWAT/Anims/Maximo_Swat_Running_Jump.uasset" 524
"../../../Wanted_B01/Content/MixamoAnimPack/Mixamo_SWAT/Anims/Maximo_Swat_Shooting.uasset" 525
"../../../Wanted_B01/Content/MixamoAnimPack/Mixamo_SWAT/Anims/Maximo_Swat_Swat_Jump.uasset" 526
"../../../Wanted_B01/Content/MixamoAnimPack/Mixamo_SWAT/Anims/Maximo_Swat_Idle.uasset" 527
"../../../Wanted_B01/Content/MixamoAnimPack/Mixamo_SWAT/Anims/Maximo_Swat_Swat_Run.uasset" 528
"../../../Wanted_B01/Content/MixamoAnimPack/Mixamo_SWAT/Anims/Maximo_Swat_Walk.uasset" 529
"../../../Wanted_B01/Content/MixamoAnimPack/Mixamo_SWAT/Anims/MixamoBlend_SWAT_1D.uasset" 530
"../../../Wanted_B01/Content/MixamoAnimPack/Mixamo_SWAT/Anims/MixamoAnimBP_SWAT.uasset" 531
"../../../Wanted_B01/Content/MixamoAnimPack/Mixamo_SWAT/Materials/Swat_new_diffuse.uasset" 532
"../../../Wanted_B01/Content/MixamoAnimPack/Mixamo_SWAT/Materials/Swat_new_mask.uasset" 533
"../../../Wanted_B01/Content/MixamoAnimPack/Mixamo_SWAT/Materials/Swat_Mat.uasset" 534
"../../../Wanted_B01/Content/MixamoAnimPack/Mixamo_SWAT/Mesh/SWAT_Physics.uasset" 535
"../../../Wanted_B01/Content/MixamoAnimPack/Mixamo_SWAT/Mesh/Maximo_SWAT.uasset" 536
"../../../Wanted_B01/Content/MixamoAnimPack/Mixamo_SWAT/Mixamo_Swat.uasset" 537
"../../../Wanted_B01/Content/MixamoAnimPack/Mixamo_SWAT/Anims/Maximo_Swat_Sword_Slash.uasset" 538
"../../../Wanted_B01/Content/MixamoAnimPack/Mixamo_SWAT/Materials/Soldier_new-1.uasset" 539
"../../../Wanted_B01/Content/MixamoAnimPack/Mixamo_SWAT/Materials/Soldier_Mat.uasset" 540
"../../../Wanted_B01/Content/MixamoAnimPack/Mixamo_Vampire/Anims/Maximo_Vampire_Skeleton.uasset" 541
"../../../Wanted_B01/Content/MixamoAnimPack/Mixamo_Vampire/Anims/Maximo_Vampire_jump.uasset" 542
"../../../Wanted_B01/Content/MixamoAnimPack/Mixamo_Vampire/Anims/Maximo_Vampire_Running_Jump.uasset" 543
"../../../Wanted_B01/Content/MixamoAnimPack/Mixamo_Vampire/Anims/Maximo_Vampire_Sword_Swing.uasset" 544
"../../../Wanted_B01/Content/MixamoAnimPack/Mixamo_Vampire/Anims/Maximo_Vampire_idle.uasset" 545
"../../../Wanted_B01/Content/MixamoAnimPack/Mixamo_Vampire/Anims/Maximo_Vampire_Run.uasset" 546
"../../../Wanted_B01/Content/MixamoAnimPack/Mixamo_Vampire/Anims/Maximo_Vampire_Walk.uasset" 547
"../../../Wanted_B01/Content/MixamoAnimPack/Mixamo_Vampire/Anims/MixamoBlend_Vampire_1D.uasset" 548
"../../../Wanted_B01/Content/MixamoAnimPack/Mixamo_Vampire/Anims/MixamoAnimBP_Vampire.uasset" 549
"../../../Wanted_B01/Content/MixamoAnimPack/Mixamo_Vampire/Materials/Vampire_diffuse.uasset" 550
"../../../Wanted_B01/Content/MixamoAnimPack/Mixamo_Vampire/Materials/Vampire_emission.uasset" 551
"../../../Wanted_B01/Content/MixamoAnimPack/Mixamo_Vampire/Materials/Vampire_masks.uasset" 552
"../../../Wanted_B01/Content/MixamoAnimPack/Mixamo_Vampire/Materials/Vampire_normal.uasset" 553
"../../../Wanted_B01/Content/MixamoAnimPack/Mixamo_Vampire/Materials/Vamp_alpha_Mat.uasset" 554
"../../../Wanted_B01/Content/MixamoAnimPack/Mixamo_Vampire/Materials/Vamp_Mat.uasset" 555
"../../../Wanted_B01/Content/MixamoAnimPack/Mixamo_Vampire/Mesh/Vampire_A_Lusth_Physics.uasset" 556
"../../../Wanted_B01/Content/MixamoAnimPack/Mixamo_Vampire/Mesh/Vampire_A_Lusth.uasset" 557
"../../../Wanted_B01/Content/MixamoAnimPack/Mixamo_Vampire/Mixamo_Vampire.uasset" 558
"../../../Wanted_B01/Content/MixamoAnimPack/Mixamo_Vampire/Anims/Maximo_Vampire_Shooting.uasset" 559
"../../../Wanted_B01/Content/MixamoAnimPack/Mixamo_Vampire/Materials/Vampire_specular.uasset" 560
"../../../Wanted_B01/Content/MixamoAnimPack/Mixamo_Vanguard/Anims/Vanguard_by_T__Choonyung_Skeleton.uasset" 561
"../../../Wanted_B01/Content/MixamoAnimPack/Mixamo_Vanguard/Anims/Vanguard_by_T__Choonyung_jump.uasset" 562
"../../../Wanted_B01/Content/MixamoAnimPack/Mixamo_Vanguard/Anims/Vanguard_by_T__Choonyung_Running_Jump.uasset" 563
"../../../Wanted_B01/Content/MixamoAnimPack/Mixamo_Vanguard/Anims/Vanguard_by_T__Choonyung_Shooting.uasset" 564
"../../../Wanted_B01/Content/MixamoAnimPack/Mixamo_Vanguard/Anims/Vanguard_by_T__Choonyung_idle.uasset" 565
"../../../Wanted_B01/Content/MixamoAnimPack/Mixamo_Vanguard/Anims/Vanguard_by_T__Choonyung_Run.uasset" 566
"../../../Wanted_B01/Content/MixamoAnimPack/Mixamo_Vanguard/Anims/Vanguard_by_T__Choonyung_Walk.uasset" 567
"../../../Wanted_B01/Content/MixamoAnimPack/Mixamo_Vanguard/Anims/MixamoBlend_Vanguard_1D.uasset" 568
"../../../Wanted_B01/Content/MixamoAnimPack/Mixamo_Vanguard/Anims/MixamoAnimBP_Vanguard.uasset" 569
"../../../Wanted_B01/Content/MixamoAnimPack/Mixamo_Vanguard/Material/vanguard_diffuse.uasset" 570
"../../../Wanted_B01/Content/MixamoAnimPack/Mixamo_Vanguard/Material/vanguard_mask.uasset" 571
"../../../Wanted_B01/Content/MixamoAnimPack/Mixamo_Vanguard/Material/vanguard_normal.uasset" 572
"../../../Wanted_B01/Content/MixamoAnimPack/Mixamo_Vanguard/Material/Vanguard_Mat.uasset" 573
"../../../Wanted_B01/Content/MixamoAnimPack/Mixamo_Vanguard/Mesh/Vanguard_by_T__Choonyung_Physics.uasset" 574
"../../../Wanted_B01/Content/MixamoAnimPack/Mixamo_Vanguard/Mesh/Vanguard_by_T__Choonyung.uasset" 575
"../../../Wanted_B01/Content/MixamoAnimPack/Mixamo_Vanguard/Mixamo_Vanguard.uasset" 576
"../../../Wanted_B01/Content/MixamoAnimPack/Mixamo_Vanguard/Anims/Vanguard_by_T__Choonyung_Sword_Swing.uasset" 577
"../../../Wanted_B01/Content/MixamoAnimPack/Mixamo_Vanguard/Material/vanguard_specular.uasset" 578
"../../../Wanted_B01/Content/MixamoAnimPack/Mixamo_Zoe/Anims/Mixamo_Zoe_Skeleton.uasset" 579
"../../../Wanted_B01/Content/MixamoAnimPack/Mixamo_Zoe/Anims/Mixamo_Zoe_jump.uasset" 580
"../../../Wanted_B01/Content/MixamoAnimPack/Mixamo_Zoe/Anims/Mixamo_Zoe_Running_Jump.uasset" 581
"../../../Wanted_B01/Content/MixamoAnimPack/Mixamo_Zoe/Anims/Mixamo_Zoe_Shooting.uasset" 582
"../../../Wanted_B01/Content/MixamoAnimPack/Mixamo_Zoe/Anims/Mixamo_Zoe_idle.uasset" 583
"../../../Wanted_B01/Content/MixamoAnimPack/Mixamo_Zoe/Anims/Mixamo_Zoe_Run.uasset" 584
"../../../Wanted_B01/Content/MixamoAnimPack/Mixamo_Zoe/Anims/Mixamo_Zoe_Walk.uasset" 585
"../../../Wanted_B01/Content/MixamoAnimPack/Mixamo_Zoe/Anims/MixamoBlend_Zoe_1D.uasset" 586
"../../../Wanted_B01/Content/MixamoAnimPack/Mixamo_Zoe/Anims/MixamoAnimBP_Zoe.uasset" 587
"../../../Wanted_B01/Content/MixamoAnimPack/Mixamo_Zoe/Materials/Zoe_Skin_COL.uasset" 588
"../../../Wanted_B01/Content/MixamoAnimPack/Mixamo_Zoe/Materials/Zoe_Skin_Mask.uasset" 589
"../../../Wanted_B01/Content/MixamoAnimPack/Mixamo_Zoe/Materials/Zoe_Skin_NM.uasset" 590
"../../../Wanted_B01/Content/MixamoAnimPack/Mixamo_Zoe/Materials/Zoe_body_mat.uasset" 591
"../../../Wanted_B01/Content/MixamoAnimPack/Mixamo_Zoe/Materials/Zoe_Clothes_COL.uasset" 592
"../../../Wanted_B01/Content/MixamoAnimPack/Mixamo_Zoe/Materials/Zoe_Clothes_Mask.uasset" 593
"../../../Wanted_B01/Content/MixamoAnimPack/Mixamo_Zoe/Materials/Zoe_Clothes_NM.uasset" 594
"../../../Wanted_B01/Content/MixamoAnimPack/Mixamo_Zoe/Materials/Zoe_Skin_Mat.uasset" 595
"../../../Wanted_B01/Content/MixamoAnimPack/Mixamo_Zoe/Mesh/Zoe_Physics.uasset" 596
"../../../Wanted_B01/Content/MixamoAnimPack/Mixamo_Zoe/Mesh/Mixamo_Zoe.uasset" 597
"../../../Wanted_B01/Content/MixamoAnimPack/Mixamo_Zoe/Mixamo_Zoe.uasset" 598
"../../../Wanted_B01/Content/MixamoAnimPack/Mixamo_Zoe/Anims/Mixamo_Zoe_Sword_Slash.uasset" 599
"../../../Wanted_B01/Content/MixamoAnimPack/Mixamo_Zoe/Materials/Zoe_Clothes_Spec.uasset" 600
"../../../Wanted_B01/Content/MixamoAnimPack/Mixamo_Zoe/Materials/Zoe_Skin_Spec.uasset" 601
"../../../Wanted_B01/Content/Textures/Barrel_Color.uasset" 602
"../../../Wanted_B01/Content/Textures/Barrel_Metallic.uasset" 603
"../../../Wanted_B01/Content/Textures/Final_Diffuse.uasset" 604
"../../../Wanted_B01/Content/Textures/Final_normal.uasset" 605
"../../../Wanted_B01/Content/Textures/Final_shadow.uasset" 606
"../../../Wanted_B01/Content/Textures/MonValley_A_LookoutPoint_2k.uasset" 607
"../../../Wanted_B01/Content/Textures/TX_Cursor_B.uasset" 608
"../../../Wanted_B01/Content/Textures/TX_Scarlett_AORoughMetal_Feather.uasset" 609
"../../../Wanted_B01/Content/Textures/TX_Scarlett_C_TopHair.uasset" 610
"../../../Wanted_B01/Content/Textures/TX_WALL_C.uasset" 611
"../../../Wanted_B01/Content/Textures/TX_WALL_N.uasset" 612
"../../../Wanted_B01/Content/Textures/TX_Wood_C.uasset" 613
"../../../Wanted_B01/Content/Textures/TX_Wood_R.uasset" 614
"../../../Wanted_B01/Content/Blueprints/Enemies/BaseEnemyAI/EnemyTestAttackBP.uasset" 615
"../../../Wanted_B01/Content/Blueprints/Enemies/BaseEnemyAI/EnemyPrototype.uasset" 616
"../../../Wanted_B01/Content/Blueprints/Enemies/Miner/PlaceholderMinerAnimBP.uasset" 617
"../../../Wanted_B01/Content/Blueprints/Enemies/Miner/MinerBlackboardData.uasset" 618
"../../../Wanted_B01/Content/Blueprints/Enemies/Miner/MinerBehaviorTree.uasset" 619
"../../../Wanted_B01/Content/Blueprints/Enemies/Miner/MinerAIControllerBP.uasset" 620
"../../../Wanted_B01/Content/Blueprints/Enemies/Miner/MinerBP.uasset" 621
"../../../Wanted_B01/Content/Blueprints/Enemies/Miner/ArrowPlaceHolder.uasset" 622
"../../../Wanted_B01/Content/Blueprints/Enemies/Miner/ArrowPlaceHolderMaterial.uasset" 623
"../../../Engine/Content/EditorResources/S_DecalActorIcon.uasset" 624
"../../../Wanted_B01/Content/Blueprints/Enemies/Miner/MinerVisualTelegraph_ChargeBP.uasset" 625
"../../../Wanted_B01/Content/Blueprints/Enemies/Miner/MinerStompTelegraph.uasset" 626
"../../../Wanted_B01/Content/Blueprints/Enemies/Miner/StompPlaceHolderMaterial.uasset" 627
"../../../Wanted_B01/Content/Blueprints/Enemies/Miner/MinerVisualTelegraph_StompBP.uasset" 628
"../../../Wanted_B01/Content/Blueprints/Weapons/ProjectileBP.uasset" 629
"../../../Wanted_B01/Content/Materials/M_WhiteBox_Floor.uasset" 630
"../../../Engine/Content/BasicShapes/Cube.uasset" 631
"../../../Wanted_B01/Content/WhiteBoxLevel.umap" 632
"../../../Wanted_B01/Content/Blueprints/Enemies/RangedAI/RangedAnimInstanceBP.uasset" 633
"../../../Wanted_B01/Content/Blueprints/Enemies/RangedAI/RangedAIControllerBP.uasset" 634
"../../../Wanted_B01/Content/Blueprints/Enemies/RangedAI/RangedEnemyBP.uasset" 635
"../../../Wanted_B01/Content/Materials/M_Base.uasset" 636
"../../../Wanted_B01/Content/WhiteBoxLevelUI.umap" 637
"../../../Wanted_B01/Content/Materials/MI_LanternBody.uasset" 638
"../../../Wanted_B01/Content/Materials/MI_LanternGlass.uasset" 639
"../../../Wanted_B01/Content/Geometry/World/M_Lantern.uasset" 640
"../../../Wanted_B01/Content/Blueprints/BPFreeLantern.uasset" 641
"../../../Wanted_B01/Content/Materials/MAT_Glow.uasset" 642
"../../../Wanted_B01/Content/Blueprints/BPGlowOrb.uasset" 643
"../../../Wanted_B01/Content/Textures/TX_LanternHolder_C.uasset" 644
"../../../Wanted_B01/Content/Textures/TX_LanternHolder_N.uasset" 645
"../../../Wanted_B01/Content/Textures/TX_LanternHolder_RM.uasset" 646
"../../../Wanted_B01/Content/Materials/MI_Shelf.uasset" 647
"../../../Wanted_B01/Content/Geometry/World/M_Shelf.uasset" 648
"../../../Wanted_B01/Content/Blueprints/BPWallLantern.uasset" 649
"../../../Wanted_B01/Content/Textures/TX_Bridge_AORoughnessMetallic.uasset" 650
"../../../Wanted_B01/Content/Textures/TX_Bridge_Colour.uasset" 651
"../../../Wanted_B01/Content/Textures/TX_Bridge_Normal.uasset" 652
"../../../Wanted_B01/Content/Materials/MI_Bridge.uasset" 653
"../../../Wanted_B01/Content/Textures/TX_GROUND_C.uasset" 654
"../../../Wanted_B01/Content/Textures/TX_GROUND_N.uasset" 655
"../../../Wanted_B01/Content/Materials/MI_DeepFloor.uasset" 656
"../../../Wanted_B01/Content/Textures/M_Support_C_ARM.uasset" 657
"../../../Wanted_B01/Content/Textures/M_Support_C_C.uasset" 658
"../../../Wanted_B01/Content/Textures/M_Support_C_N.uasset" 659
"../../../Wanted_B01/Content/Materials/MI_SupportC.uasset" 660
"../../../Wanted_B01/Content/Geometry/Structure/M_Bridge.uasset" 661
"../../../Wanted_B01/Content/Geometry/Structure/M_Fence_Bolts.uasset" 662
"../../../Wanted_B01/Content/Geometry/Structure/M_Fence_Clean.uasset" 663
"../../../Wanted_B01/Content/Geometry/Structure/M_Hall_Corner_Clean.uasset" 664
"../../../Wanted_B01/Content/Geometry/Structure/M_Hall_Slanted_Clean.uasset" 665
"../../../Wanted_B01/Content/Geometry/Structure/M_Hall_Straight_Clean.uasset" 666
"../../../Wanted_B01/Content/Geometry/Structure/M_Hall_Straight_Terminal_Clean.uasset" 667
"../../../Wanted_B01/Content/Geometry/Structure/M_Hall_TJoint_Clean.uasset" 668
"../../../Wanted_B01/Content/Geometry/Structure/M_Room_Corner_Clean.uasset" 669
"../../../Wanted_B01/Content/Geometry/Structure/M_Room_Floor_Clean.uasset" 670
"../../../Wanted_B01/Content/Geometry/Structure/M_Room_Floor_OneWall.uasset" 671
"../../../Wanted_B01/Content/Geometry/World/M_Barrel.uasset" 672
"../../../Wanted_B01/Content/Geometry/World/M_Bottle_Wide.uasset" 673
"../../../Wanted_B01/Content/Geometry/World/M_Bridge_A.uasset" 674
"../../../Wanted_B01/Content/Geometry/World/M_Bridge_B.uasset" 675
"../../../Wanted_B01/Content/Geometry/World/M_Bridge_C.uasset" 676
"../../../Wanted_B01/Content/Geometry/World/M_Bridge_D.uasset" 677
"../../../Wanted_B01/Content/Geometry/World/M_CenterPiece.uasset" 678
"../../../Wanted_B01/Content/Textures/TX_Pickaxe_C.uasset" 679
"../../../Wanted_B01/Content/Textures/TX_Pickaxe_M.uasset" 680
"../../../Wanted_B01/Content/Textures/TX_Pickaxe_R.uasset" 681
"../../../Wanted_B01/Content/Materials/MI_Pickaxe.uasset" 682
"../../../Wanted_B01/Content/Geometry/World/M_Pickaxe.uasset" 683
"../../../Wanted_B01/Content/Textures/TX_SilverVein_ARM.uasset" 684
"../../../Wanted_B01/Content/Textures/TX_SilverVein_C.uasset" 685
"../../../Wanted_B01/Content/Textures/TX_SilverVein_N.uasset" 686
"../../../Wanted_B01/Content/Materials/MAT_SilverVein.uasset" 687
"../../../Wanted_B01/Content/Geometry/World/M_SilverVein.uasset" 688
"../../../Wanted_B01/Content/Geometry/World/M_SteelPipe_Angled.uasset" 689
"../../../Wanted_B01/Content/Geometry/World/M_SteelPipe_Straight.uasset" 690
"../../../Wanted_B01/Content/Textures/TX_Support_A_ARM.uasset" 691
"../../../Wanted_B01/Content/Textures/TX_Support_A_C.uasset" 692
"../../../Wanted_B01/Content/Textures/TX_Support_A_N.uasset" 693
"../../../Wanted_B01/Content/Materials/MI_SupportA.uasset" 694
"../../../Wanted_B01/Content/Geometry/World/M_Support_A.uasset" 695
"../../../Wanted_B01/Content/Textures/TX_Support_B_ARM.uasset" 696
"../../../Wanted_B01/Content/Textures/TX_Support_B_C.uasset" 697
"../../../Wanted_B01/Content/Textures/TX_Support_B_N.uasset" 698
"../../../Wanted_B01/Content/Materials/MI_SupportB.uasset" 699
"../../../Wanted_B01/Content/Geometry/World/M_Support_B.uasset" 700
"../../../Wanted_B01/Content/Geometry/World/M_Support_C.uasset" 701
"../../../Wanted_B01/Content/Geometry/World/M_Support_D.uasset" 702
"../../../Wanted_B01/Content/Geometry/World/M_WoodClutter_A.uasset" 703
"../../../Wanted_B01/Content/Geometry/World/M_WoodClutter_B.uasset" 704
"../../../Wanted_B01/Content/Geometry/World/M_WoodClutter_C.uasset" 705
"../../../Wanted_B01/Content/Geometry/World/M_WoodClutter_D.uasset" 706
"../../../Wanted_B01/Content/Geometry/World/M_WoodClutter_E.uasset" 707
"../../../Wanted_B01/Content/Geometry/World/M_WoodClutter_F.uasset" 708
"../../../Wanted_B01/Content/Geometry/World/M_WoodClutter_G.uasset" 709
"../../../Wanted_B01/Content/Textures/TX_M_WoodCrate_AORoughnessMetallic.uasset" 710
"../../../Wanted_B01/Content/Textures/TX_M_WoodCrate_Colour.uasset" 711
"../../../Wanted_B01/Content/Textures/TX_M_WoodCrate_Normal.uasset" 712
"../../../Wanted_B01/Content/Materials/MI_Crate.uasset" 713
"../../../Wanted_B01/Content/Geometry/World/M_WoodCrate_Square_LidSlightlyOff.uasset" 714
"../../../Wanted_B01/Content/Textures/CubeMap.uasset" 715
"../../../Wanted_B01/Content/Levels/WantedLevel.umap" 716
"../../../Engine/Content/EngineMaterials/DefaultNormal.uasset" 717
"../../../Engine/Content/Maps/Entry.umap" 718
